<?xml version="1.0" encoding="UTF-8"?>
<testsuite xmlns:xsi="http://www.w3.org/2001/XMLSchema-instance" xsi:noNamespaceSchemaLocation="https://maven.apache.org/surefire/maven-surefire-plugin/xsd/surefire-test-report.xsd" name="com.tencent.tbdsDemo.AppTest" time="0.079" tests="1" errors="0" skipped="0" failures="0">
  <properties>
    <property name="sun.desktop" value="windows"/>
    <property name="awt.toolkit" value="sun.awt.windows.WToolkit"/>
    <property name="file.encoding.pkg" value="sun.io"/>
    <property name="java.specification.version" value="1.8"/>
    <property name="sun.cpu.isalist" value="amd64"/>
    <property name="sun.jnu.encoding" value="GBK"/>
    <property name="java.class.path" value="C:\work\bigdata\hadoop\tbdsDemo\target\test-classes;C:\work\bigdata\hadoop\tbdsDemo\target\classes;C:\tools\mavenJar\repository\junit\junit\4.11\junit-4.11.jar;C:\tools\mavenJar\repository\org\hamcrest\hamcrest-core\1.3\hamcrest-core-1.3.jar;C:\tools\mavenJar\repository\org\apache\hadoop\hadoop-client\2.7.2-TBDS-4.0.3.3\hadoop-client-2.7.2-TBDS-4.0.3.3.jar;C:\tools\mavenJar\repository\org\apache\hadoop\hadoop-mapreduce-client-app\2.7.2-TBDS-4.0.3.3\hadoop-mapreduce-client-app-2.7.2-TBDS-4.0.3.3.jar;C:\tools\mavenJar\repository\org\apache\hadoop\hadoop-mapreduce-client-common\2.7.2-TBDS-4.0.3.3\hadoop-mapreduce-client-common-2.7.2-TBDS-4.0.3.3.jar;C:\tools\mavenJar\repository\org\apache\hadoop\hadoop-yarn-client\2.7.2-TBDS-4.0.3.3\hadoop-yarn-client-2.7.2-TBDS-4.0.3.3.jar;C:\tools\mavenJar\repository\org\apache\hadoop\hadoop-yarn-server-common\2.7.2-TBDS-4.0.3.3\hadoop-yarn-server-common-2.7.2-TBDS-4.0.3.3.jar;C:\tools\mavenJar\repository\org\apache\hadoop\hadoop-mapreduce-client-shuffle\2.7.2-TBDS-4.0.3.3\hadoop-mapreduce-client-shuffle-2.7.2-TBDS-4.0.3.3.jar;C:\tools\mavenJar\repository\org\apache\hadoop\hadoop-yarn-api\2.7.2-TBDS-4.0.3.3\hadoop-yarn-api-2.7.2-TBDS-4.0.3.3.jar;C:\tools\mavenJar\repository\org\apache\hadoop\hadoop-mapreduce-client-core\2.7.2-TBDS-4.0.3.3\hadoop-mapreduce-client-core-2.7.2-TBDS-4.0.3.3.jar;C:\tools\mavenJar\repository\org\apache\hadoop\hadoop-yarn-common\2.7.2-TBDS-4.0.3.3\hadoop-yarn-common-2.7.2-TBDS-4.0.3.3.jar;C:\tools\mavenJar\repository\javax\xml\bind\jaxb-api\2.2.2\jaxb-api-2.2.2.jar;C:\tools\mavenJar\repository\javax\xml\stream\stax-api\1.0-2\stax-api-1.0-2.jar;C:\tools\mavenJar\repository\javax\activation\activation\1.1\activation-1.1.jar;C:\tools\mavenJar\repository\com\sun\jersey\jersey-client\1.9\jersey-client-1.9.jar;C:\tools\mavenJar\repository\org\apache\hadoop\hadoop-mapreduce-client-jobclient\2.7.2-TBDS-4.0.3.3\hadoop-mapreduce-client-jobclient-2.7.2-TBDS-4.0.3.3.jar;C:\tools\mavenJar\repository\org\apache\hadoop\hadoop-annotations\2.7.2-TBDS-4.0.3.3\hadoop-annotations-2.7.2-TBDS-4.0.3.3.jar;C:\tools\mavenJar\repository\org\apache\hadoop\hadoop-common\2.7.2-TBDS-4.0.3.3\hadoop-common-2.7.2-TBDS-4.0.3.3.jar;C:\tools\mavenJar\repository\com\google\guava\guava\11.0.2\guava-11.0.2.jar;C:\tools\mavenJar\repository\commons-cli\commons-cli\1.2\commons-cli-1.2.jar;C:\tools\mavenJar\repository\org\apache\commons\commons-math3\3.1.1\commons-math3-3.1.1.jar;C:\tools\mavenJar\repository\xmlenc\xmlenc\0.52\xmlenc-0.52.jar;C:\tools\mavenJar\repository\commons-httpclient\commons-httpclient\3.1\commons-httpclient-3.1.jar;C:\tools\mavenJar\repository\commons-codec\commons-codec\1.10\commons-codec-1.10.jar;C:\tools\mavenJar\repository\commons-io\commons-io\2.4\commons-io-2.4.jar;C:\tools\mavenJar\repository\commons-net\commons-net\3.1\commons-net-3.1.jar;C:\tools\mavenJar\repository\commons-collections\commons-collections\3.2.2\commons-collections-3.2.2.jar;C:\tools\mavenJar\repository\javax\servlet\servlet-api\2.5\servlet-api-2.5.jar;C:\tools\mavenJar\repository\org\mortbay\jetty\jetty\6.1.26\jetty-6.1.26.jar;C:\tools\mavenJar\repository\org\mortbay\jetty\jetty-util\6.1.26\jetty-util-6.1.26.jar;C:\tools\mavenJar\repository\javax\servlet\jsp\jsp-api\2.1\jsp-api-2.1.jar;C:\tools\mavenJar\repository\com\sun\jersey\jersey-core\1.9\jersey-core-1.9.jar;C:\tools\mavenJar\repository\com\sun\jersey\jersey-json\1.9\jersey-json-1.9.jar;C:\tools\mavenJar\repository\org\codehaus\jettison\jettison\1.1\jettison-1.1.jar;C:\tools\mavenJar\repository\com\sun\xml\bind\jaxb-impl\2.2.3-1\jaxb-impl-2.2.3-1.jar;C:\tools\mavenJar\repository\org\codehaus\jackson\jackson-jaxrs\1.8.3\jackson-jaxrs-1.8.3.jar;C:\tools\mavenJar\repository\org\codehaus\jackson\jackson-xc\1.8.3\jackson-xc-1.8.3.jar;C:\tools\mavenJar\repository\com\sun\jersey\jersey-server\1.9\jersey-server-1.9.jar;C:\tools\mavenJar\repository\asm\asm\3.1\asm-3.1.jar;C:\tools\mavenJar\repository\commons-logging\commons-logging\1.1.3\commons-logging-1.1.3.jar;C:\tools\mavenJar\repository\log4j\log4j\1.2.17\log4j-1.2.17.jar;C:\tools\mavenJar\repository\net\java\dev\jets3t\jets3t\0.9.0\jets3t-0.9.0.jar;C:\tools\mavenJar\repository\org\apache\httpcomponents\httpclient\4.1.2\httpclient-4.1.2.jar;C:\tools\mavenJar\repository\org\apache\httpcomponents\httpcore\4.1.2\httpcore-4.1.2.jar;C:\tools\mavenJar\repository\com\jamesmurty\utils\java-xmlbuilder\0.4\java-xmlbuilder-0.4.jar;C:\tools\mavenJar\repository\commons-lang\commons-lang\2.6\commons-lang-2.6.jar;C:\tools\mavenJar\repository\commons-configuration\commons-configuration\1.6\commons-configuration-1.6.jar;C:\tools\mavenJar\repository\commons-digester\commons-digester\1.8\commons-digester-1.8.jar;C:\tools\mavenJar\repository\commons-beanutils\commons-beanutils\1.7.0\commons-beanutils-1.7.0.jar;C:\tools\mavenJar\repository\commons-beanutils\commons-beanutils-core\1.8.0\commons-beanutils-core-1.8.0.jar;C:\tools\mavenJar\repository\org\slf4j\slf4j-api\1.7.10\slf4j-api-1.7.10.jar;C:\tools\mavenJar\repository\org\slf4j\slf4j-log4j12\1.7.10\slf4j-log4j12-1.7.10.jar;C:\tools\mavenJar\repository\org\codehaus\jackson\jackson-core-asl\1.9.13\jackson-core-asl-1.9.13.jar;C:\tools\mavenJar\repository\org\codehaus\jackson\jackson-mapper-asl\1.9.13\jackson-mapper-asl-1.9.13.jar;C:\tools\mavenJar\repository\org\apache\avro\avro\1.7.4\avro-1.7.4.jar;C:\tools\mavenJar\repository\com\thoughtworks\paranamer\paranamer\2.3\paranamer-2.3.jar;C:\tools\mavenJar\repository\com\google\protobuf\protobuf-java\2.5.0\protobuf-java-2.5.0.jar;C:\tools\mavenJar\repository\com\google\code\gson\gson\2.2.4\gson-2.2.4.jar;C:\tools\mavenJar\repository\org\apache\hadoop\hadoop-auth\2.7.2-TBDS-4.0.3.3\hadoop-auth-2.7.2-TBDS-4.0.3.3.jar;C:\tools\mavenJar\repository\org\apache\directory\server\apacheds-kerberos-codec\2.0.0-M15\apacheds-kerberos-codec-2.0.0-M15.jar;C:\tools\mavenJar\repository\org\apache\directory\server\apacheds-i18n\2.0.0-M15\apacheds-i18n-2.0.0-M15.jar;C:\tools\mavenJar\repository\org\apache\directory\api\api-asn1-api\1.0.0-M20\api-asn1-api-1.0.0-M20.jar;C:\tools\mavenJar\repository\org\apache\directory\api\api-util\1.0.0-M20\api-util-1.0.0-M20.jar;C:\tools\mavenJar\repository\org\apache\curator\curator-framework\2.7.1\curator-framework-2.7.1.jar;C:\tools\mavenJar\repository\com\tencent\tbds\tbds-rpc\4.0.3.3\tbds-rpc-4.0.3.3.jar;C:\tools\mavenJar\repository\com\tencent\tbds\discovery-core\4.0.3.3\discovery-core-4.0.3.3.jar;C:\tools\mavenJar\repository\org\apache\curator\curator-test\2.7.1\curator-test-2.7.1.jar;C:\tools\mavenJar\repository\org\apache\commons\commons-math\2.2\commons-math-2.2.jar;C:\tools\mavenJar\repository\org\springframework\spring-core\3.1.3.RELEASE\spring-core-3.1.3.RELEASE.jar;C:\tools\mavenJar\repository\org\springframework\spring-asm\3.1.3.RELEASE\spring-asm-3.1.3.RELEASE.jar;C:\tools\mavenJar\repository\org\json\json\20160212\json-20160212.jar;C:\tools\mavenJar\repository\org\apache\directory\studio\org.apache.commons.codec\1.8\org.apache.commons.codec-1.8.jar;C:\tools\mavenJar\repository\com\jcraft\jsch\0.1.42\jsch-0.1.42.jar;C:\tools\mavenJar\repository\org\apache\curator\curator-client\2.7.1\curator-client-2.7.1.jar;C:\tools\mavenJar\repository\org\apache\curator\curator-recipes\2.7.1\curator-recipes-2.7.1.jar;C:\tools\mavenJar\repository\com\google\code\findbugs\jsr305\3.0.0\jsr305-3.0.0.jar;C:\tools\mavenJar\repository\org\apache\htrace\htrace-core\3.1.0-incubating\htrace-core-3.1.0-incubating.jar;C:\tools\mavenJar\repository\org\apache\zookeeper\zookeeper\3.4.6\zookeeper-3.4.6.jar;C:\tools\mavenJar\repository\org\apache\commons\commons-compress\1.4.1\commons-compress-1.4.1.jar;C:\tools\mavenJar\repository\org\tukaani\xz\1.0\xz-1.0.jar;C:\tools\mavenJar\repository\org\apache\hadoop\hadoop-hdfs\2.7.2-TBDS-4.0.3.3\hadoop-hdfs-2.7.2-TBDS-4.0.3.3.jar;C:\tools\mavenJar\repository\commons-daemon\commons-daemon\1.0.13\commons-daemon-1.0.13.jar;C:\tools\mavenJar\repository\io\netty\netty\3.6.2.Final\netty-3.6.2.Final.jar;C:\tools\mavenJar\repository\io\netty\netty-all\4.0.23.Final\netty-all-4.0.23.Final.jar;C:\tools\mavenJar\repository\xerces\xercesImpl\2.9.1\xercesImpl-2.9.1.jar;C:\tools\mavenJar\repository\xml-apis\xml-apis\1.3.04\xml-apis-1.3.04.jar;C:\tools\mavenJar\repository\org\fusesource\leveldbjni\leveldbjni-all\1.8\leveldbjni-all-1.8.jar;C:\work\bigdata\hadoop\tbdsDemo\lib\mysql-connector-java-5.1.34.jar;C:\work\bigdata\hadoop\tbdsDemo\lib\fastjson-1.2.7.jar;C:\tools\mavenJar\repository\org\apache\kafka\kafka-clients\0.10.0.1-TBDS-4.0.3.3\kafka-clients-0.10.0.1-TBDS-4.0.3.3.jar;C:\tools\mavenJar\repository\org\xerial\snappy\snappy-java\1.1.2.6\snappy-java-1.1.2.6.jar;C:\tools\mavenJar\repository\net\jpountz\lz4\lz4\1.3.0\lz4-1.3.0.jar;C:\tools\mavenJar\repository\com\tencent\tbds\sdk\tbds-sdk-plugin\4.0.3.3\tbds-sdk-plugin-4.0.3.3.jar;C:\tools\mavenJar\repository\org\apache\thrift\libthrift\0.9.1\libthrift-0.9.1.jar;C:\tools\mavenJar\repository\javax\annotation\javax.annotation-api\1.2\javax.annotation-api-1.2.jar;C:\tools\mavenJar\repository\org\apache\commons\commons-dbcp2\2.1.1\commons-dbcp2-2.1.1.jar;C:\tools\mavenJar\repository\org\apache\commons\commons-pool2\2.4.2\commons-pool2-2.4.2.jar;C:\tools\mavenJar\repository\org\apache\kafka\kafka_2.11\0.10.0.1-TBDS-4.0.3.3\kafka_2.11-0.10.0.1-TBDS-4.0.3.3.jar;C:\tools\mavenJar\repository\com\101tec\zkclient\0.8\zkclient-0.8.jar;C:\tools\mavenJar\repository\com\yammer\metrics\metrics-core\2.2.0\metrics-core-2.2.0.jar;C:\tools\mavenJar\repository\org\scala-lang\modules\scala-parser-combinators_2.11\1.0.4\scala-parser-combinators_2.11-1.0.4.jar;C:\tools\mavenJar\repository\net\sf\jopt-simple\jopt-simple\4.9\jopt-simple-4.9.jar;C:\tools\mavenJar\repository\org\scala-lang\scala-library\2.11.8\scala-library-2.11.8.jar;C:\tools\mavenJar\repository\org\scala-lang\scala-xml\2.11.0-M4\scala-xml-2.11.0-M4.jar;C:\tools\mavenJar\repository\org\apache\spark\spark-core_2.11\2.1.0\spark-core_2.11-2.1.0.jar;C:\tools\mavenJar\repository\org\apache\avro\avro-mapred\1.7.7\avro-mapred-1.7.7-hadoop2.jar;C:\tools\mavenJar\repository\org\apache\avro\avro-ipc\1.7.7\avro-ipc-1.7.7.jar;C:\tools\mavenJar\repository\org\apache\avro\avro-ipc\1.7.7\avro-ipc-1.7.7-tests.jar;C:\tools\mavenJar\repository\com\twitter\chill_2.11\0.8.0\chill_2.11-0.8.0.jar;C:\tools\mavenJar\repository\com\esotericsoftware\kryo-shaded\3.0.3\kryo-shaded-3.0.3.jar;C:\tools\mavenJar\repository\com\esotericsoftware\minlog\1.3.0\minlog-1.3.0.jar;C:\tools\mavenJar\repository\org\objenesis\objenesis\2.1\objenesis-2.1.jar;C:\tools\mavenJar\repository\com\twitter\chill-java\0.8.0\chill-java-0.8.0.jar;C:\tools\mavenJar\repository\org\apache\xbean\xbean-asm5-shaded\4.4\xbean-asm5-shaded-4.4.jar;C:\tools\mavenJar\repository\org\apache\spark\spark-launcher_2.11\2.1.0\spark-launcher_2.11-2.1.0.jar;C:\tools\mavenJar\repository\org\apache\spark\spark-network-common_2.11\2.1.0\spark-network-common_2.11-2.1.0.jar;C:\tools\mavenJar\repository\com\fasterxml\jackson\core\jackson-annotations\2.6.5\jackson-annotations-2.6.5.jar;C:\tools\mavenJar\repository\org\apache\spark\spark-network-shuffle_2.11\2.1.0\spark-network-shuffle_2.11-2.1.0.jar;C:\tools\mavenJar\repository\org\apache\spark\spark-unsafe_2.11\2.1.0\spark-unsafe_2.11-2.1.0.jar;C:\tools\mavenJar\repository\javax\servlet\javax.servlet-api\3.1.0\javax.servlet-api-3.1.0.jar;C:\tools\mavenJar\repository\org\apache\commons\commons-lang3\3.5\commons-lang3-3.5.jar;C:\tools\mavenJar\repository\org\slf4j\jul-to-slf4j\1.7.16\jul-to-slf4j-1.7.16.jar;C:\tools\mavenJar\repository\org\slf4j\jcl-over-slf4j\1.7.16\jcl-over-slf4j-1.7.16.jar;C:\tools\mavenJar\repository\com\ning\compress-lzf\1.0.3\compress-lzf-1.0.3.jar;C:\tools\mavenJar\repository\org\roaringbitmap\RoaringBitmap\0.5.11\RoaringBitmap-0.5.11.jar;C:\tools\mavenJar\repository\org\json4s\json4s-jackson_2.11\3.2.11\json4s-jackson_2.11-3.2.11.jar;C:\tools\mavenJar\repository\org\json4s\json4s-core_2.11\3.2.11\json4s-core_2.11-3.2.11.jar;C:\tools\mavenJar\repository\org\json4s\json4s-ast_2.11\3.2.11\json4s-ast_2.11-3.2.11.jar;C:\tools\mavenJar\repository\org\scala-lang\scalap\2.11.0\scalap-2.11.0.jar;C:\tools\mavenJar\repository\org\scala-lang\scala-compiler\2.11.0\scala-compiler-2.11.0.jar;C:\tools\mavenJar\repository\org\glassfish\jersey\core\jersey-client\2.22.2\jersey-client-2.22.2.jar;C:\tools\mavenJar\repository\javax\ws\rs\javax.ws.rs-api\2.0.1\javax.ws.rs-api-2.0.1.jar;C:\tools\mavenJar\repository\org\glassfish\hk2\hk2-api\2.4.0-b34\hk2-api-2.4.0-b34.jar;C:\tools\mavenJar\repository\org\glassfish\hk2\hk2-utils\2.4.0-b34\hk2-utils-2.4.0-b34.jar;C:\tools\mavenJar\repository\org\glassfish\hk2\external\aopalliance-repackaged\2.4.0-b34\aopalliance-repackaged-2.4.0-b34.jar;C:\tools\mavenJar\repository\org\glassfish\hk2\external\javax.inject\2.4.0-b34\javax.inject-2.4.0-b34.jar;C:\tools\mavenJar\repository\org\glassfish\hk2\hk2-locator\2.4.0-b34\hk2-locator-2.4.0-b34.jar;C:\tools\mavenJar\repository\org\javassist\javassist\3.18.1-GA\javassist-3.18.1-GA.jar;C:\tools\mavenJar\repository\org\glassfish\jersey\core\jersey-common\2.22.2\jersey-common-2.22.2.jar;C:\tools\mavenJar\repository\org\glassfish\jersey\bundles\repackaged\jersey-guava\2.22.2\jersey-guava-2.22.2.jar;C:\tools\mavenJar\repository\org\glassfish\hk2\osgi-resource-locator\1.0.1\osgi-resource-locator-1.0.1.jar;C:\tools\mavenJar\repository\org\glassfish\jersey\core\jersey-server\2.22.2\jersey-server-2.22.2.jar;C:\tools\mavenJar\repository\org\glassfish\jersey\media\jersey-media-jaxb\2.22.2\jersey-media-jaxb-2.22.2.jar;C:\tools\mavenJar\repository\javax\validation\validation-api\1.1.0.Final\validation-api-1.1.0.Final.jar;C:\tools\mavenJar\repository\org\glassfish\jersey\containers\jersey-container-servlet\2.22.2\jersey-container-servlet-2.22.2.jar;C:\tools\mavenJar\repository\org\glassfish\jersey\containers\jersey-container-servlet-core\2.22.2\jersey-container-servlet-core-2.22.2.jar;C:\tools\mavenJar\repository\com\clearspring\analytics\stream\2.7.0\stream-2.7.0.jar;C:\tools\mavenJar\repository\io\dropwizard\metrics\metrics-core\3.1.2\metrics-core-3.1.2.jar;C:\tools\mavenJar\repository\io\dropwizard\metrics\metrics-jvm\3.1.2\metrics-jvm-3.1.2.jar;C:\tools\mavenJar\repository\io\dropwizard\metrics\metrics-json\3.1.2\metrics-json-3.1.2.jar;C:\tools\mavenJar\repository\io\dropwizard\metrics\metrics-graphite\3.1.2\metrics-graphite-3.1.2.jar;C:\tools\mavenJar\repository\com\fasterxml\jackson\core\jackson-databind\2.6.5\jackson-databind-2.6.5.jar;C:\tools\mavenJar\repository\com\fasterxml\jackson\core\jackson-core\2.6.5\jackson-core-2.6.5.jar;C:\tools\mavenJar\repository\com\fasterxml\jackson\module\jackson-module-scala_2.11\2.6.5\jackson-module-scala_2.11-2.6.5.jar;C:\tools\mavenJar\repository\org\scala-lang\scala-reflect\2.11.7\scala-reflect-2.11.7.jar;C:\tools\mavenJar\repository\com\fasterxml\jackson\module\jackson-module-paranamer\2.6.5\jackson-module-paranamer-2.6.5.jar;C:\tools\mavenJar\repository\org\apache\ivy\ivy\2.4.0\ivy-2.4.0.jar;C:\tools\mavenJar\repository\oro\oro\2.0.8\oro-2.0.8.jar;C:\tools\mavenJar\repository\net\razorvine\pyrolite\4.13\pyrolite-4.13.jar;C:\tools\mavenJar\repository\net\sf\py4j\py4j\0.10.4\py4j-0.10.4.jar;C:\tools\mavenJar\repository\org\apache\spark\spark-tags_2.11\2.1.0\spark-tags_2.11-2.1.0.jar;C:\tools\mavenJar\repository\org\scalatest\scalatest_2.11\2.2.6\scalatest_2.11-2.2.6.jar;C:\tools\mavenJar\repository\org\scala-lang\modules\scala-xml_2.11\1.0.2\scala-xml_2.11-1.0.2.jar;C:\tools\mavenJar\repository\org\apache\commons\commons-crypto\1.0.0\commons-crypto-1.0.0.jar;C:\tools\mavenJar\repository\org\spark-project\spark\unused\1.0.0\unused-1.0.0.jar;C:\tools\mavenJar\repository\org\apache\spark\spark-sql_2.11\2.1.0\spark-sql_2.11-2.1.0.jar;C:\tools\mavenJar\repository\com\univocity\univocity-parsers\2.2.1\univocity-parsers-2.2.1.jar;C:\tools\mavenJar\repository\org\apache\spark\spark-sketch_2.11\2.1.0\spark-sketch_2.11-2.1.0.jar;C:\tools\mavenJar\repository\org\apache\spark\spark-catalyst_2.11\2.1.0\spark-catalyst_2.11-2.1.0.jar;C:\tools\mavenJar\repository\org\codehaus\janino\janino\3.0.0\janino-3.0.0.jar;C:\tools\mavenJar\repository\org\codehaus\janino\commons-compiler\3.0.0\commons-compiler-3.0.0.jar;C:\tools\mavenJar\repository\org\antlr\antlr4-runtime\4.5.3\antlr4-runtime-4.5.3.jar;C:\tools\mavenJar\repository\org\apache\parquet\parquet-column\1.8.1\parquet-column-1.8.1.jar;C:\tools\mavenJar\repository\org\apache\parquet\parquet-common\1.8.1\parquet-common-1.8.1.jar;C:\tools\mavenJar\repository\org\apache\parquet\parquet-encoding\1.8.1\parquet-encoding-1.8.1.jar;C:\tools\mavenJar\repository\org\apache\parquet\parquet-hadoop\1.8.1\parquet-hadoop-1.8.1.jar;C:\tools\mavenJar\repository\org\apache\parquet\parquet-format\2.3.0-incubating\parquet-format-2.3.0-incubating.jar;C:\tools\mavenJar\repository\org\apache\parquet\parquet-jackson\1.8.1\parquet-jackson-1.8.1.jar;C:\tools\mavenJar\repository\org\apache\spark\spark-streaming_2.11\2.1.0\spark-streaming_2.11-2.1.0.jar;C:\tools\mavenJar\repository\org\apache\spark\spark-streaming-kafka-0-10_2.11\2.1.0-TBDS-4.0.3.3\spark-streaming-kafka-0-10_2.11-2.1.0-TBDS-4.0.3.3.jar;"/>
    <property name="java.vm.vendor" value="Oracle Corporation"/>
    <property name="sun.arch.data.model" value="64"/>
    <property name="user.variant" value=""/>
    <property name="java.vendor.url" value="http://java.oracle.com/"/>
    <property name="user.timezone" value=""/>
    <property name="java.vm.specification.version" value="1.8"/>
    <property name="os.name" value="Windows 7"/>
    <property name="user.country" value="CN"/>
    <property name="sun.java.launcher" value="SUN_STANDARD"/>
    <property name="sun.boot.library.path" value="C:\Program Files\Java\jdk1.8.0_144\jre\bin"/>
    <property name="sun.java.command" value="C:\Users\lenovo\AppData\Local\Temp\surefire705439870108925500\surefirebooter389255499612441692.jar C:\Users\lenovo\AppData\Local\Temp\surefire705439870108925500 2018-12-20T13-06-26_636-jvmRun1 surefire4083338476599369520tmp surefire_07998366550924588748tmp"/>
    <property name="surefire.test.class.path" value="C:\work\bigdata\hadoop\tbdsDemo\target\test-classes;C:\work\bigdata\hadoop\tbdsDemo\target\classes;C:\tools\mavenJar\repository\junit\junit\4.11\junit-4.11.jar;C:\tools\mavenJar\repository\org\hamcrest\hamcrest-core\1.3\hamcrest-core-1.3.jar;C:\tools\mavenJar\repository\org\apache\hadoop\hadoop-client\2.7.2-TBDS-4.0.3.3\hadoop-client-2.7.2-TBDS-4.0.3.3.jar;C:\tools\mavenJar\repository\org\apache\hadoop\hadoop-mapreduce-client-app\2.7.2-TBDS-4.0.3.3\hadoop-mapreduce-client-app-2.7.2-TBDS-4.0.3.3.jar;C:\tools\mavenJar\repository\org\apache\hadoop\hadoop-mapreduce-client-common\2.7.2-TBDS-4.0.3.3\hadoop-mapreduce-client-common-2.7.2-TBDS-4.0.3.3.jar;C:\tools\mavenJar\repository\org\apache\hadoop\hadoop-yarn-client\2.7.2-TBDS-4.0.3.3\hadoop-yarn-client-2.7.2-TBDS-4.0.3.3.jar;C:\tools\mavenJar\repository\org\apache\hadoop\hadoop-yarn-server-common\2.7.2-TBDS-4.0.3.3\hadoop-yarn-server-common-2.7.2-TBDS-4.0.3.3.jar;C:\tools\mavenJar\repository\org\apache\hadoop\hadoop-mapreduce-client-shuffle\2.7.2-TBDS-4.0.3.3\hadoop-mapreduce-client-shuffle-2.7.2-TBDS-4.0.3.3.jar;C:\tools\mavenJar\repository\org\apache\hadoop\hadoop-yarn-api\2.7.2-TBDS-4.0.3.3\hadoop-yarn-api-2.7.2-TBDS-4.0.3.3.jar;C:\tools\mavenJar\repository\org\apache\hadoop\hadoop-mapreduce-client-core\2.7.2-TBDS-4.0.3.3\hadoop-mapreduce-client-core-2.7.2-TBDS-4.0.3.3.jar;C:\tools\mavenJar\repository\org\apache\hadoop\hadoop-yarn-common\2.7.2-TBDS-4.0.3.3\hadoop-yarn-common-2.7.2-TBDS-4.0.3.3.jar;C:\tools\mavenJar\repository\javax\xml\bind\jaxb-api\2.2.2\jaxb-api-2.2.2.jar;C:\tools\mavenJar\repository\javax\xml\stream\stax-api\1.0-2\stax-api-1.0-2.jar;C:\tools\mavenJar\repository\javax\activation\activation\1.1\activation-1.1.jar;C:\tools\mavenJar\repository\com\sun\jersey\jersey-client\1.9\jersey-client-1.9.jar;C:\tools\mavenJar\repository\org\apache\hadoop\hadoop-mapreduce-client-jobclient\2.7.2-TBDS-4.0.3.3\hadoop-mapreduce-client-jobclient-2.7.2-TBDS-4.0.3.3.jar;C:\tools\mavenJar\repository\org\apache\hadoop\hadoop-annotations\2.7.2-TBDS-4.0.3.3\hadoop-annotations-2.7.2-TBDS-4.0.3.3.jar;C:\tools\mavenJar\repository\org\apache\hadoop\hadoop-common\2.7.2-TBDS-4.0.3.3\hadoop-common-2.7.2-TBDS-4.0.3.3.jar;C:\tools\mavenJar\repository\com\google\guava\guava\11.0.2\guava-11.0.2.jar;C:\tools\mavenJar\repository\commons-cli\commons-cli\1.2\commons-cli-1.2.jar;C:\tools\mavenJar\repository\org\apache\commons\commons-math3\3.1.1\commons-math3-3.1.1.jar;C:\tools\mavenJar\repository\xmlenc\xmlenc\0.52\xmlenc-0.52.jar;C:\tools\mavenJar\repository\commons-httpclient\commons-httpclient\3.1\commons-httpclient-3.1.jar;C:\tools\mavenJar\repository\commons-codec\commons-codec\1.10\commons-codec-1.10.jar;C:\tools\mavenJar\repository\commons-io\commons-io\2.4\commons-io-2.4.jar;C:\tools\mavenJar\repository\commons-net\commons-net\3.1\commons-net-3.1.jar;C:\tools\mavenJar\repository\commons-collections\commons-collections\3.2.2\commons-collections-3.2.2.jar;C:\tools\mavenJar\repository\javax\servlet\servlet-api\2.5\servlet-api-2.5.jar;C:\tools\mavenJar\repository\org\mortbay\jetty\jetty\6.1.26\jetty-6.1.26.jar;C:\tools\mavenJar\repository\org\mortbay\jetty\jetty-util\6.1.26\jetty-util-6.1.26.jar;C:\tools\mavenJar\repository\javax\servlet\jsp\jsp-api\2.1\jsp-api-2.1.jar;C:\tools\mavenJar\repository\com\sun\jersey\jersey-core\1.9\jersey-core-1.9.jar;C:\tools\mavenJar\repository\com\sun\jersey\jersey-json\1.9\jersey-json-1.9.jar;C:\tools\mavenJar\repository\org\codehaus\jettison\jettison\1.1\jettison-1.1.jar;C:\tools\mavenJar\repository\com\sun\xml\bind\jaxb-impl\2.2.3-1\jaxb-impl-2.2.3-1.jar;C:\tools\mavenJar\repository\org\codehaus\jackson\jackson-jaxrs\1.8.3\jackson-jaxrs-1.8.3.jar;C:\tools\mavenJar\repository\org\codehaus\jackson\jackson-xc\1.8.3\jackson-xc-1.8.3.jar;C:\tools\mavenJar\repository\com\sun\jersey\jersey-server\1.9\jersey-server-1.9.jar;C:\tools\mavenJar\repository\asm\asm\3.1\asm-3.1.jar;C:\tools\mavenJar\repository\commons-logging\commons-logging\1.1.3\commons-logging-1.1.3.jar;C:\tools\mavenJar\repository\log4j\log4j\1.2.17\log4j-1.2.17.jar;C:\tools\mavenJar\repository\net\java\dev\jets3t\jets3t\0.9.0\jets3t-0.9.0.jar;C:\tools\mavenJar\repository\org\apache\httpcomponents\httpclient\4.1.2\httpclient-4.1.2.jar;C:\tools\mavenJar\repository\org\apache\httpcomponents\httpcore\4.1.2\httpcore-4.1.2.jar;C:\tools\mavenJar\repository\com\jamesmurty\utils\java-xmlbuilder\0.4\java-xmlbuilder-0.4.jar;C:\tools\mavenJar\repository\commons-lang\commons-lang\2.6\commons-lang-2.6.jar;C:\tools\mavenJar\repository\commons-configuration\commons-configuration\1.6\commons-configuration-1.6.jar;C:\tools\mavenJar\repository\commons-digester\commons-digester\1.8\commons-digester-1.8.jar;C:\tools\mavenJar\repository\commons-beanutils\commons-beanutils\1.7.0\commons-beanutils-1.7.0.jar;C:\tools\mavenJar\repository\commons-beanutils\commons-beanutils-core\1.8.0\commons-beanutils-core-1.8.0.jar;C:\tools\mavenJar\repository\org\slf4j\slf4j-api\1.7.10\slf4j-api-1.7.10.jar;C:\tools\mavenJar\repository\org\slf4j\slf4j-log4j12\1.7.10\slf4j-log4j12-1.7.10.jar;C:\tools\mavenJar\repository\org\codehaus\jackson\jackson-core-asl\1.9.13\jackson-core-asl-1.9.13.jar;C:\tools\mavenJar\repository\org\codehaus\jackson\jackson-mapper-asl\1.9.13\jackson-mapper-asl-1.9.13.jar;C:\tools\mavenJar\repository\org\apache\avro\avro\1.7.4\avro-1.7.4.jar;C:\tools\mavenJar\repository\com\thoughtworks\paranamer\paranamer\2.3\paranamer-2.3.jar;C:\tools\mavenJar\repository\com\google\protobuf\protobuf-java\2.5.0\protobuf-java-2.5.0.jar;C:\tools\mavenJar\repository\com\google\code\gson\gson\2.2.4\gson-2.2.4.jar;C:\tools\mavenJar\repository\org\apache\hadoop\hadoop-auth\2.7.2-TBDS-4.0.3.3\hadoop-auth-2.7.2-TBDS-4.0.3.3.jar;C:\tools\mavenJar\repository\org\apache\directory\server\apacheds-kerberos-codec\2.0.0-M15\apacheds-kerberos-codec-2.0.0-M15.jar;C:\tools\mavenJar\repository\org\apache\directory\server\apacheds-i18n\2.0.0-M15\apacheds-i18n-2.0.0-M15.jar;C:\tools\mavenJar\repository\org\apache\directory\api\api-asn1-api\1.0.0-M20\api-asn1-api-1.0.0-M20.jar;C:\tools\mavenJar\repository\org\apache\directory\api\api-util\1.0.0-M20\api-util-1.0.0-M20.jar;C:\tools\mavenJar\repository\org\apache\curator\curator-framework\2.7.1\curator-framework-2.7.1.jar;C:\tools\mavenJar\repository\com\tencent\tbds\tbds-rpc\4.0.3.3\tbds-rpc-4.0.3.3.jar;C:\tools\mavenJar\repository\com\tencent\tbds\discovery-core\4.0.3.3\discovery-core-4.0.3.3.jar;C:\tools\mavenJar\repository\org\apache\curator\curator-test\2.7.1\curator-test-2.7.1.jar;C:\tools\mavenJar\repository\org\apache\commons\commons-math\2.2\commons-math-2.2.jar;C:\tools\mavenJar\repository\org\springframework\spring-core\3.1.3.RELEASE\spring-core-3.1.3.RELEASE.jar;C:\tools\mavenJar\repository\org\springframework\spring-asm\3.1.3.RELEASE\spring-asm-3.1.3.RELEASE.jar;C:\tools\mavenJar\repository\org\json\json\20160212\json-20160212.jar;C:\tools\mavenJar\repository\org\apache\directory\studio\org.apache.commons.codec\1.8\org.apache.commons.codec-1.8.jar;C:\tools\mavenJar\repository\com\jcraft\jsch\0.1.42\jsch-0.1.42.jar;C:\tools\mavenJar\repository\org\apache\curator\curator-client\2.7.1\curator-client-2.7.1.jar;C:\tools\mavenJar\repository\org\apache\curator\curator-recipes\2.7.1\curator-recipes-2.7.1.jar;C:\tools\mavenJar\repository\com\google\code\findbugs\jsr305\3.0.0\jsr305-3.0.0.jar;C:\tools\mavenJar\repository\org\apache\htrace\htrace-core\3.1.0-incubating\htrace-core-3.1.0-incubating.jar;C:\tools\mavenJar\repository\org\apache\zookeeper\zookeeper\3.4.6\zookeeper-3.4.6.jar;C:\tools\mavenJar\repository\org\apache\commons\commons-compress\1.4.1\commons-compress-1.4.1.jar;C:\tools\mavenJar\repository\org\tukaani\xz\1.0\xz-1.0.jar;C:\tools\mavenJar\repository\org\apache\hadoop\hadoop-hdfs\2.7.2-TBDS-4.0.3.3\hadoop-hdfs-2.7.2-TBDS-4.0.3.3.jar;C:\tools\mavenJar\repository\commons-daemon\commons-daemon\1.0.13\commons-daemon-1.0.13.jar;C:\tools\mavenJar\repository\io\netty\netty\3.6.2.Final\netty-3.6.2.Final.jar;C:\tools\mavenJar\repository\io\netty\netty-all\4.0.23.Final\netty-all-4.0.23.Final.jar;C:\tools\mavenJar\repository\xerces\xercesImpl\2.9.1\xercesImpl-2.9.1.jar;C:\tools\mavenJar\repository\xml-apis\xml-apis\1.3.04\xml-apis-1.3.04.jar;C:\tools\mavenJar\repository\org\fusesource\leveldbjni\leveldbjni-all\1.8\leveldbjni-all-1.8.jar;C:\work\bigdata\hadoop\tbdsDemo\lib\mysql-connector-java-5.1.34.jar;C:\work\bigdata\hadoop\tbdsDemo\lib\fastjson-1.2.7.jar;C:\tools\mavenJar\repository\org\apache\kafka\kafka-clients\0.10.0.1-TBDS-4.0.3.3\kafka-clients-0.10.0.1-TBDS-4.0.3.3.jar;C:\tools\mavenJar\repository\org\xerial\snappy\snappy-java\1.1.2.6\snappy-java-1.1.2.6.jar;C:\tools\mavenJar\repository\net\jpountz\lz4\lz4\1.3.0\lz4-1.3.0.jar;C:\tools\mavenJar\repository\com\tencent\tbds\sdk\tbds-sdk-plugin\4.0.3.3\tbds-sdk-plugin-4.0.3.3.jar;C:\tools\mavenJar\repository\org\apache\thrift\libthrift\0.9.1\libthrift-0.9.1.jar;C:\tools\mavenJar\repository\javax\annotation\javax.annotation-api\1.2\javax.annotation-api-1.2.jar;C:\tools\mavenJar\repository\org\apache\commons\commons-dbcp2\2.1.1\commons-dbcp2-2.1.1.jar;C:\tools\mavenJar\repository\org\apache\commons\commons-pool2\2.4.2\commons-pool2-2.4.2.jar;C:\tools\mavenJar\repository\org\apache\kafka\kafka_2.11\0.10.0.1-TBDS-4.0.3.3\kafka_2.11-0.10.0.1-TBDS-4.0.3.3.jar;C:\tools\mavenJar\repository\com\101tec\zkclient\0.8\zkclient-0.8.jar;C:\tools\mavenJar\repository\com\yammer\metrics\metrics-core\2.2.0\metrics-core-2.2.0.jar;C:\tools\mavenJar\repository\org\scala-lang\modules\scala-parser-combinators_2.11\1.0.4\scala-parser-combinators_2.11-1.0.4.jar;C:\tools\mavenJar\repository\net\sf\jopt-simple\jopt-simple\4.9\jopt-simple-4.9.jar;C:\tools\mavenJar\repository\org\scala-lang\scala-library\2.11.8\scala-library-2.11.8.jar;C:\tools\mavenJar\repository\org\scala-lang\scala-xml\2.11.0-M4\scala-xml-2.11.0-M4.jar;C:\tools\mavenJar\repository\org\apache\spark\spark-core_2.11\2.1.0\spark-core_2.11-2.1.0.jar;C:\tools\mavenJar\repository\org\apache\avro\avro-mapred\1.7.7\avro-mapred-1.7.7-hadoop2.jar;C:\tools\mavenJar\repository\org\apache\avro\avro-ipc\1.7.7\avro-ipc-1.7.7.jar;C:\tools\mavenJar\repository\org\apache\avro\avro-ipc\1.7.7\avro-ipc-1.7.7-tests.jar;C:\tools\mavenJar\repository\com\twitter\chill_2.11\0.8.0\chill_2.11-0.8.0.jar;C:\tools\mavenJar\repository\com\esotericsoftware\kryo-shaded\3.0.3\kryo-shaded-3.0.3.jar;C:\tools\mavenJar\repository\com\esotericsoftware\minlog\1.3.0\minlog-1.3.0.jar;C:\tools\mavenJar\repository\org\objenesis\objenesis\2.1\objenesis-2.1.jar;C:\tools\mavenJar\repository\com\twitter\chill-java\0.8.0\chill-java-0.8.0.jar;C:\tools\mavenJar\repository\org\apache\xbean\xbean-asm5-shaded\4.4\xbean-asm5-shaded-4.4.jar;C:\tools\mavenJar\repository\org\apache\spark\spark-launcher_2.11\2.1.0\spark-launcher_2.11-2.1.0.jar;C:\tools\mavenJar\repository\org\apache\spark\spark-network-common_2.11\2.1.0\spark-network-common_2.11-2.1.0.jar;C:\tools\mavenJar\repository\com\fasterxml\jackson\core\jackson-annotations\2.6.5\jackson-annotations-2.6.5.jar;C:\tools\mavenJar\repository\org\apache\spark\spark-network-shuffle_2.11\2.1.0\spark-network-shuffle_2.11-2.1.0.jar;C:\tools\mavenJar\repository\org\apache\spark\spark-unsafe_2.11\2.1.0\spark-unsafe_2.11-2.1.0.jar;C:\tools\mavenJar\repository\javax\servlet\javax.servlet-api\3.1.0\javax.servlet-api-3.1.0.jar;C:\tools\mavenJar\repository\org\apache\commons\commons-lang3\3.5\commons-lang3-3.5.jar;C:\tools\mavenJar\repository\org\slf4j\jul-to-slf4j\1.7.16\jul-to-slf4j-1.7.16.jar;C:\tools\mavenJar\repository\org\slf4j\jcl-over-slf4j\1.7.16\jcl-over-slf4j-1.7.16.jar;C:\tools\mavenJar\repository\com\ning\compress-lzf\1.0.3\compress-lzf-1.0.3.jar;C:\tools\mavenJar\repository\org\roaringbitmap\RoaringBitmap\0.5.11\RoaringBitmap-0.5.11.jar;C:\tools\mavenJar\repository\org\json4s\json4s-jackson_2.11\3.2.11\json4s-jackson_2.11-3.2.11.jar;C:\tools\mavenJar\repository\org\json4s\json4s-core_2.11\3.2.11\json4s-core_2.11-3.2.11.jar;C:\tools\mavenJar\repository\org\json4s\json4s-ast_2.11\3.2.11\json4s-ast_2.11-3.2.11.jar;C:\tools\mavenJar\repository\org\scala-lang\scalap\2.11.0\scalap-2.11.0.jar;C:\tools\mavenJar\repository\org\scala-lang\scala-compiler\2.11.0\scala-compiler-2.11.0.jar;C:\tools\mavenJar\repository\org\glassfish\jersey\core\jersey-client\2.22.2\jersey-client-2.22.2.jar;C:\tools\mavenJar\repository\javax\ws\rs\javax.ws.rs-api\2.0.1\javax.ws.rs-api-2.0.1.jar;C:\tools\mavenJar\repository\org\glassfish\hk2\hk2-api\2.4.0-b34\hk2-api-2.4.0-b34.jar;C:\tools\mavenJar\repository\org\glassfish\hk2\hk2-utils\2.4.0-b34\hk2-utils-2.4.0-b34.jar;C:\tools\mavenJar\repository\org\glassfish\hk2\external\aopalliance-repackaged\2.4.0-b34\aopalliance-repackaged-2.4.0-b34.jar;C:\tools\mavenJar\repository\org\glassfish\hk2\external\javax.inject\2.4.0-b34\javax.inject-2.4.0-b34.jar;C:\tools\mavenJar\repository\org\glassfish\hk2\hk2-locator\2.4.0-b34\hk2-locator-2.4.0-b34.jar;C:\tools\mavenJar\repository\org\javassist\javassist\3.18.1-GA\javassist-3.18.1-GA.jar;C:\tools\mavenJar\repository\org\glassfish\jersey\core\jersey-common\2.22.2\jersey-common-2.22.2.jar;C:\tools\mavenJar\repository\org\glassfish\jersey\bundles\repackaged\jersey-guava\2.22.2\jersey-guava-2.22.2.jar;C:\tools\mavenJar\repository\org\glassfish\hk2\osgi-resource-locator\1.0.1\osgi-resource-locator-1.0.1.jar;C:\tools\mavenJar\repository\org\glassfish\jersey\core\jersey-server\2.22.2\jersey-server-2.22.2.jar;C:\tools\mavenJar\repository\org\glassfish\jersey\media\jersey-media-jaxb\2.22.2\jersey-media-jaxb-2.22.2.jar;C:\tools\mavenJar\repository\javax\validation\validation-api\1.1.0.Final\validation-api-1.1.0.Final.jar;C:\tools\mavenJar\repository\org\glassfish\jersey\containers\jersey-container-servlet\2.22.2\jersey-container-servlet-2.22.2.jar;C:\tools\mavenJar\repository\org\glassfish\jersey\containers\jersey-container-servlet-core\2.22.2\jersey-container-servlet-core-2.22.2.jar;C:\tools\mavenJar\repository\com\clearspring\analytics\stream\2.7.0\stream-2.7.0.jar;C:\tools\mavenJar\repository\io\dropwizard\metrics\metrics-core\3.1.2\metrics-core-3.1.2.jar;C:\tools\mavenJar\repository\io\dropwizard\metrics\metrics-jvm\3.1.2\metrics-jvm-3.1.2.jar;C:\tools\mavenJar\repository\io\dropwizard\metrics\metrics-json\3.1.2\metrics-json-3.1.2.jar;C:\tools\mavenJar\repository\io\dropwizard\metrics\metrics-graphite\3.1.2\metrics-graphite-3.1.2.jar;C:\tools\mavenJar\repository\com\fasterxml\jackson\core\jackson-databind\2.6.5\jackson-databind-2.6.5.jar;C:\tools\mavenJar\repository\com\fasterxml\jackson\core\jackson-core\2.6.5\jackson-core-2.6.5.jar;C:\tools\mavenJar\repository\com\fasterxml\jackson\module\jackson-module-scala_2.11\2.6.5\jackson-module-scala_2.11-2.6.5.jar;C:\tools\mavenJar\repository\org\scala-lang\scala-reflect\2.11.7\scala-reflect-2.11.7.jar;C:\tools\mavenJar\repository\com\fasterxml\jackson\module\jackson-module-paranamer\2.6.5\jackson-module-paranamer-2.6.5.jar;C:\tools\mavenJar\repository\org\apache\ivy\ivy\2.4.0\ivy-2.4.0.jar;C:\tools\mavenJar\repository\oro\oro\2.0.8\oro-2.0.8.jar;C:\tools\mavenJar\repository\net\razorvine\pyrolite\4.13\pyrolite-4.13.jar;C:\tools\mavenJar\repository\net\sf\py4j\py4j\0.10.4\py4j-0.10.4.jar;C:\tools\mavenJar\repository\org\apache\spark\spark-tags_2.11\2.1.0\spark-tags_2.11-2.1.0.jar;C:\tools\mavenJar\repository\org\scalatest\scalatest_2.11\2.2.6\scalatest_2.11-2.2.6.jar;C:\tools\mavenJar\repository\org\scala-lang\modules\scala-xml_2.11\1.0.2\scala-xml_2.11-1.0.2.jar;C:\tools\mavenJar\repository\org\apache\commons\commons-crypto\1.0.0\commons-crypto-1.0.0.jar;C:\tools\mavenJar\repository\org\spark-project\spark\unused\1.0.0\unused-1.0.0.jar;C:\tools\mavenJar\repository\org\apache\spark\spark-sql_2.11\2.1.0\spark-sql_2.11-2.1.0.jar;C:\tools\mavenJar\repository\com\univocity\univocity-parsers\2.2.1\univocity-parsers-2.2.1.jar;C:\tools\mavenJar\repository\org\apache\spark\spark-sketch_2.11\2.1.0\spark-sketch_2.11-2.1.0.jar;C:\tools\mavenJar\repository\org\apache\spark\spark-catalyst_2.11\2.1.0\spark-catalyst_2.11-2.1.0.jar;C:\tools\mavenJar\repository\org\codehaus\janino\janino\3.0.0\janino-3.0.0.jar;C:\tools\mavenJar\repository\org\codehaus\janino\commons-compiler\3.0.0\commons-compiler-3.0.0.jar;C:\tools\mavenJar\repository\org\antlr\antlr4-runtime\4.5.3\antlr4-runtime-4.5.3.jar;C:\tools\mavenJar\repository\org\apache\parquet\parquet-column\1.8.1\parquet-column-1.8.1.jar;C:\tools\mavenJar\repository\org\apache\parquet\parquet-common\1.8.1\parquet-common-1.8.1.jar;C:\tools\mavenJar\repository\org\apache\parquet\parquet-encoding\1.8.1\parquet-encoding-1.8.1.jar;C:\tools\mavenJar\repository\org\apache\parquet\parquet-hadoop\1.8.1\parquet-hadoop-1.8.1.jar;C:\tools\mavenJar\repository\org\apache\parquet\parquet-format\2.3.0-incubating\parquet-format-2.3.0-incubating.jar;C:\tools\mavenJar\repository\org\apache\parquet\parquet-jackson\1.8.1\parquet-jackson-1.8.1.jar;C:\tools\mavenJar\repository\org\apache\spark\spark-streaming_2.11\2.1.0\spark-streaming_2.11-2.1.0.jar;C:\tools\mavenJar\repository\org\apache\spark\spark-streaming-kafka-0-10_2.11\2.1.0-TBDS-4.0.3.3\spark-streaming-kafka-0-10_2.11-2.1.0-TBDS-4.0.3.3.jar;"/>
    <property name="sun.cpu.endian" value="little"/>
    <property name="user.home" value="C:\Users\lenovo"/>
    <property name="user.language" value="zh"/>
    <property name="java.specification.vendor" value="Oracle Corporation"/>
    <property name="java.home" value="C:\Program Files\Java\jdk1.8.0_144\jre"/>
    <property name="basedir" value="C:\work\bigdata\hadoop\tbdsDemo"/>
    <property name="file.separator" value="\"/>
    <property name="line.separator" value="&#10;"/>
    <property name="java.vm.specification.vendor" value="Oracle Corporation"/>
    <property name="java.specification.name" value="Java Platform API Specification"/>
    <property name="java.awt.graphicsenv" value="sun.awt.Win32GraphicsEnvironment"/>
    <property name="surefire.real.class.path" value="C:\Users\lenovo\AppData\Local\Temp\surefire705439870108925500\surefirebooter389255499612441692.jar"/>
    <property name="sun.boot.class.path" value="C:\Program Files\Java\jdk1.8.0_144\jre\lib\resources.jar;C:\Program Files\Java\jdk1.8.0_144\jre\lib\rt.jar;C:\Program Files\Java\jdk1.8.0_144\jre\lib\sunrsasign.jar;C:\Program Files\Java\jdk1.8.0_144\jre\lib\jsse.jar;C:\Program Files\Java\jdk1.8.0_144\jre\lib\jce.jar;C:\Program Files\Java\jdk1.8.0_144\jre\lib\charsets.jar;C:\Program Files\Java\jdk1.8.0_144\jre\lib\jfr.jar;C:\Program Files\Java\jdk1.8.0_144\jre\classes"/>
    <property name="user.script" value=""/>
    <property name="sun.management.compiler" value="HotSpot 64-Bit Tiered Compilers"/>
    <property name="java.runtime.version" value="1.8.0_144-b01"/>
    <property name="user.name" value="lenovo"/>
    <property name="path.separator" value=";"/>
    <property name="os.version" value="6.1"/>
    <property name="java.endorsed.dirs" value="C:\Program Files\Java\jdk1.8.0_144\jre\lib\endorsed"/>
    <property name="java.runtime.name" value="Java(TM) SE Runtime Environment"/>
    <property name="file.encoding" value="GBK"/>
    <property name="java.vm.name" value="Java HotSpot(TM) 64-Bit Server VM"/>
    <property name="localRepository" value="C:\tools\mavenJar\repository"/>
    <property name="java.vendor.url.bug" value="http://bugreport.sun.com/bugreport/"/>
    <property name="java.io.tmpdir" value="C:\Users\lenovo\AppData\Local\Temp\"/>
    <property name="java.version" value="1.8.0_144"/>
    <property name="user.dir" value="C:\work\bigdata\hadoop\tbdsDemo"/>
    <property name="os.arch" value="amd64"/>
    <property name="java.vm.specification.name" value="Java Virtual Machine Specification"/>
    <property name="java.awt.printerjob" value="sun.awt.windows.WPrinterJob"/>
    <property name="sun.os.patch.level" value="Service Pack 1"/>
    <property name="java.library.path" value="C:\Program Files\Java\jdk1.8.0_144\jre\bin;C:\windows\Sun\Java\bin;C:\windows\system32;C:\windows;C:/Program Files/Java/jre1.8.0_144/bin/server;C:/Program Files/Java/jre1.8.0_144/bin;C:/Program Files/Java/jre1.8.0_144/lib/amd64;C:\ProgramData\Oracle\Java\javapath;C:\tools\app\product\11.2.0\dbhome_1\bin;C:\tools\hadoop-2.6.4\bin;C:\Program Files\Java\jdk1.8.0_144\bin;C:\Program Files\Java\jdk1.8.0_144\jre\bin;C:\tools\scala-2.11.8\bin;C:\windows\system32;C:\windows;C:\windows\System32\Wbem;C:\windows\System32\WindowsPowerShell\v1.0\;C:\Program Files\TortoiseSVN\bin;C:\tools\maven3.3.9\bin;C:\Program Files (x86)\SSLVPN\bin;C:\tools\eclipse;;."/>
    <property name="java.vm.info" value="mixed mode"/>
    <property name="java.vendor" value="Oracle Corporation"/>
    <property name="java.vm.version" value="25.144-b01"/>
    <property name="java.ext.dirs" value="C:\Program Files\Java\jdk1.8.0_144\jre\lib\ext;C:\windows\Sun\Java\lib\ext"/>
    <property name="sun.io.unicode.encoding" value="UnicodeLittle"/>
    <property name="java.class.version" value="52.0"/>
  </properties>
  <testcase name="shouldAnswerWithTrue" classname="com.tencent.tbdsDemo.AppTest" time="0"/>
</testsuite>